SF:lib\core\services\budget_engine_service.dart
DA:8,1
DA:16,1
DA:24,2
DA:25,1
DA:26,1
DA:29,4
DA:31,0
DA:33,0
DA:34,0
DA:35,0
DA:36,0
DA:37,0
DA:39,1
DA:41,0
DA:42,0
DA:43,0
DA:46,0
DA:47,0
DA:49,0
DA:50,0
DA:51,0
DA:52,0
DA:53,0
DA:56,0
DA:57,0
DA:61,0
DA:63,0
DA:64,0
DA:65,0
DA:66,0
DA:69,0
DA:77,4
DA:78,1
DA:79,0
DA:81,1
DA:82,3
DA:87,1
DA:89,1
DA:90,1
DA:91,0
DA:92,0
DA:93,0
DA:98,1
DA:99,2
DA:102,4
DA:103,2
DA:104,0
DA:105,0
DA:106,0
DA:107,0
DA:108,0
DA:114,1
DA:123,1
DA:124,1
DA:125,2
DA:126,1
DA:127,1
DA:128,1
DA:129,1
DA:130,1
DA:131,5
DA:132,1
DA:133,5
LF:63
LH:30
end_of_record
SF:lib\core\models\budget_category.dart
DA:10,1
DA:19,0
DA:20,0
DA:21,0
DA:22,0
DA:23,0
DA:24,0
DA:25,0
DA:28,0
DA:29,0
DA:30,0
DA:31,0
DA:32,0
DA:33,0
DA:34,0
LF:15
LH:1
end_of_record
SF:lib\core\models\savings_goal_impl_clean.dart
DA:14,1
DA:28,0
DA:29,6
DA:30,4
DA:31,0
DA:33,0
DA:34,0
DA:35,0
DA:36,0
DA:37,0
DA:38,0
DA:39,0
DA:40,0
DA:41,0
DA:42,0
DA:43,0
DA:44,0
DA:47,0
DA:48,0
DA:49,0
DA:50,0
DA:51,0
DA:52,0
DA:53,0
DA:54,0
DA:55,0
DA:56,0
DA:57,0
DA:58,0
DA:61,1
DA:74,1
DA:75,1
DA:76,1
DA:77,1
DA:78,1
DA:79,0
DA:80,1
DA:81,1
DA:82,1
DA:83,1
DA:84,0
DA:85,1
LF:42
LH:14
end_of_record
SF:lib\core\services\aggregator_service.dart
DA:7,2
DA:11,1
DA:13,1
DA:14,1
DA:15,1
DA:19,2
DA:21,0
DA:22,0
DA:23,1
DA:24,1
DA:26,0
DA:29,1
DA:32,1
DA:33,3
DA:35,1
DA:37,1
DA:39,1
DA:41,1
DA:43,1
DA:45,1
DA:48,1
DA:55,0
DA:56,0
DA:57,0
DA:58,0
DA:59,0
DA:60,0
DA:66,0
DA:67,0
DA:70,0
DA:72,0
DA:75,0
DA:77,0
DA:79,0
DA:80,0
DA:81,0
DA:83,0
DA:84,0
DA:85,0
DA:86,0
DA:88,0
DA:89,0
DA:95,0
DA:97,0
DA:98,0
DA:99,0
DA:102,0
DA:103,0
DA:104,0
DA:105,0
DA:106,0
DA:110,0
LF:52
LH:18
end_of_record
SF:lib\core\models\transaction.dart
DA:15,2
DA:29,0
DA:30,0
DA:31,0
DA:32,0
DA:33,0
DA:34,0
DA:35,0
DA:36,0
DA:37,0
DA:38,0
DA:39,0
DA:40,0
DA:43,0
DA:44,0
DA:45,0
DA:46,0
DA:47,0
DA:48,0
DA:49,0
DA:50,0
DA:51,0
DA:52,0
DA:53,0
DA:54,0
LF:25
LH:1
end_of_record
SF:lib\core\utils\transaction_id_generator.dart
DA:6,0
DA:8,0
DA:9,0
DA:10,0
DA:11,0
LF:5
LH:0
end_of_record
SF:lib\core\services\category_mapper.dart
DA:5,1
DA:8,1
DA:9,2
DA:10,3
DA:11,1
DA:12,1
DA:13,0
DA:14,0
LF:8
LH:6
end_of_record
SF:lib\core\repositories\transactions_repository.dart
DA:8,0
DA:10,0
DA:18,0
DA:19,0
DA:20,0
DA:21,0
DA:24,0
DA:27,0
DA:30,0
DA:33,0
DA:37,0
DA:38,0
DA:40,0
DA:41,0
DA:42,0
DA:48,0
DA:53,0
DA:54,0
DA:55,0
DA:56,0
DA:59,0
DA:62,0
DA:66,0
DA:67,0
DA:68,0
DA:69,0
DA:70,0
DA:75,0
DA:80,0
DA:82,0
DA:83,0
DA:84,0
DA:85,0
DA:86,0
DA:89,0
DA:90,0
DA:91,0
DA:94,0
DA:101,0
DA:105,0
DA:110,0
DA:111,0
DA:112,0
DA:113,0
DA:121,0
DA:123,0
DA:124,0
DA:125,0
DA:126,0
DA:127,0
DA:128,0
DA:134,0
DA:136,0
DA:137,0
DA:138,0
DA:139,0
DA:140,0
DA:141,0
DA:147,0
DA:153,0
DA:154,0
DA:155,0
DA:156,0
DA:157,0
DA:160,0
DA:163,0
DA:166,0
DA:168,0
DA:169,0
LF:69
LH:0
end_of_record
SF:lib\core\models\transaction_model.dart
DA:17,1
DA:34,0
DA:35,0
DA:36,0
DA:37,0
DA:38,0
DA:39,0
DA:40,0
DA:41,0
DA:42,0
DA:43,0
DA:44,0
DA:45,0
DA:46,0
DA:47,0
DA:48,0
DA:49,0
DA:53,0
DA:54,0
DA:55,0
DA:56,0
DA:57,0
DA:58,0
DA:59,0
DA:60,0
DA:61,0
DA:62,0
DA:63,0
DA:64,0
DA:65,0
DA:66,0
DA:67,0
DA:68,0
DA:72,0
DA:88,0
DA:89,0
DA:90,0
DA:91,0
DA:92,0
DA:93,0
DA:94,0
DA:95,0
DA:96,0
DA:97,0
DA:98,0
DA:99,0
DA:100,0
DA:101,0
DA:102,0
LF:49
LH:1
end_of_record
SF:lib\core\repositories\savings_repository.dart
DA:6,0
DA:8,1
DA:9,3
DA:13,3
DA:15,0
DA:16,0
DA:20,1
DA:21,2
DA:22,0
DA:23,4
DA:24,3
DA:25,2
DA:29,0
DA:30,0
DA:31,0
DA:32,0
DA:37,0
LF:17
LH:8
end_of_record
SF:lib\core\services\service_locator.dart
DA:14,3
DA:16,0
DA:18,0
DA:19,0
DA:20,0
DA:23,0
DA:24,0
DA:27,0
DA:28,0
DA:31,0
DA:32,0
DA:35,0
DA:36,0
DA:39,0
DA:40,0
DA:44,0
DA:45,0
DA:47,0
LF:18
LH:1
end_of_record
SF:lib\features\transactions\providers\transactions_provider.dart
DA:12,1
DA:13,0
DA:14,0
DA:21,2
DA:22,0
DA:23,0
DA:24,2
DA:26,0
DA:34,0
DA:35,0
DA:36,0
DA:38,0
DA:46,0
DA:52,0
DA:53,0
DA:55,0
DA:56,0
DA:57,0
DA:61,0
DA:66,0
DA:73,0
DA:75,0
DA:76,0
DA:77,0
DA:79,0
DA:81,0
DA:83,0
DA:84,0
DA:88,0
DA:89,0
DA:91,0
DA:92,0
DA:93,0
DA:100,1
DA:105,1
DA:107,1
DA:108,1
DA:109,1
DA:111,1
DA:113,1
DA:114,0
DA:115,0
DA:116,0
DA:120,4
DA:121,4
DA:123,2
DA:125,1
DA:126,1
DA:130,1
DA:131,0
DA:132,0
DA:133,0
DA:135,0
DA:138,0
DA:139,0
DA:141,0
DA:144,1
DA:146,1
DA:148,1
DA:149,2
DA:150,1
DA:151,2
DA:153,2
DA:154,2
DA:155,3
DA:157,2
DA:161,1
DA:162,1
DA:165,0
DA:166,0
DA:167,0
DA:168,0
DA:172,1
DA:174,2
DA:176,1
DA:177,1
DA:179,1
DA:180,1
DA:182,2
DA:183,3
DA:184,1
DA:185,1
DA:194,0
DA:196,0
DA:197,0
DA:198,0
DA:200,0
DA:202,0
DA:203,0
DA:204,0
DA:207,0
DA:208,0
DA:210,0
DA:211,0
DA:212,0
DA:216,0
DA:218,0
DA:219,0
DA:220,0
DA:222,0
DA:223,0
DA:225,0
DA:227,0
DA:228,0
DA:231,0
DA:232,0
DA:234,0
DA:235,0
DA:236,0
DA:240,0
DA:241,0
DA:242,0
LF:112
LH:38
end_of_record
SF:lib\core\models\account_model.dart
DA:13,0
DA:26,0
DA:27,0
DA:28,0
DA:29,0
DA:30,0
DA:31,0
DA:32,0
DA:33,0
DA:34,0
DA:35,0
DA:36,0
DA:37,0
DA:41,0
DA:42,0
DA:43,0
DA:44,0
DA:45,0
DA:46,0
DA:47,0
DA:48,0
DA:49,0
DA:50,0
DA:51,0
DA:52,0
DA:56,0
DA:68,0
DA:69,0
DA:70,0
DA:71,0
DA:72,0
DA:73,0
DA:74,0
DA:75,0
DA:76,0
DA:77,0
DA:78,0
LF:37
LH:0
end_of_record
SF:lib\core\models\budget_model.dart
DA:14,0
DA:28,0
DA:29,0
DA:30,0
DA:31,0
DA:33,0
DA:34,0
DA:35,0
DA:36,0
DA:37,0
DA:38,0
DA:39,0
DA:40,0
DA:41,0
DA:42,0
DA:43,0
DA:44,0
DA:45,0
DA:49,0
DA:50,0
DA:51,0
DA:52,0
DA:53,0
DA:54,0
DA:55,0
DA:56,0
DA:57,0
DA:58,0
DA:59,0
DA:60,0
DA:61,0
DA:65,0
DA:77,0
DA:78,0
DA:79,0
DA:80,0
DA:81,0
DA:82,0
DA:83,0
DA:84,0
DA:85,0
DA:86,0
DA:87,0
LF:43
LH:0
end_of_record
SF:lib\core\repositories\accounts_repository.dart
DA:7,0
DA:9,0
DA:11,0
DA:12,0
DA:13,0
DA:14,0
DA:15,0
DA:16,0
DA:18,0
DA:19,0
DA:20,0
DA:26,0
DA:27,0
DA:28,0
DA:29,0
DA:30,0
DA:31,0
DA:32,0
DA:33,0
DA:34,0
DA:35,0
DA:38,0
DA:40,0
DA:41,0
DA:42,0
DA:43,0
DA:44,0
DA:45,0
DA:47,0
DA:48,0
DA:56,0
DA:58,0
DA:59,0
DA:60,0
DA:61,0
DA:62,0
DA:63,0
DA:69,0
DA:71,0
DA:72,0
DA:73,0
DA:74,0
DA:75,0
DA:76,0
DA:82,0
DA:84,0
DA:85,0
DA:86,0
DA:87,0
DA:88,0
DA:89,0
DA:95,0
DA:97,0
DA:98,0
DA:99,0
DA:100,0
DA:101,0
DA:104,0
DA:105,0
LF:59
LH:0
end_of_record
SF:lib\core\repositories\auth_repository.dart
DA:14,0
DA:17,0
DA:24,0
DA:26,0
DA:30,0
DA:35,0
DA:37,0
DA:40,0
DA:42,0
DA:50,0
DA:51,0
DA:53,0
DA:56,0
DA:58,0
DA:60,0
DA:63,0
DA:67,0
DA:68,0
DA:69,0
DA:73,0
DA:74,0
DA:77,0
DA:80,0
DA:86,0
DA:92,0
DA:93,0
DA:97,0
DA:98,0
DA:102,0
DA:104,0
DA:108,0
DA:109,0
DA:110,0
DA:112,0
DA:113,0
DA:116,0
DA:119,0
DA:124,0
DA:125,0
DA:129,0
DA:130,0
DA:131,0
DA:135,0
DA:136,0
DA:137,0
DA:141,0
DA:144,0
DA:148,0
DA:150,0
DA:151,0
DA:155,0
DA:156,0
DA:157,0
DA:161,0
DA:162,0
DA:167,0
DA:172,0
DA:173,0
DA:177,0
DA:178,0
DA:182,0
DA:184,0
DA:188,0
DA:189,0
DA:193,0
DA:199,0
DA:200,0
DA:201,0
DA:204,0
DA:206,0
DA:207,0
DA:208,0
DA:209,0
DA:210,0
DA:212,0
DA:214,0
DA:218,0
LF:77
LH:0
end_of_record
SF:lib\core\repositories\budgets_repository.dart
DA:7,0
DA:9,0
DA:11,0
DA:12,0
DA:13,0
DA:14,0
DA:15,0
DA:16,0
DA:17,0
DA:19,0
DA:20,0
DA:21,0
DA:27,0
DA:28,0
DA:29,0
DA:30,0
DA:31,0
DA:32,0
DA:33,0
DA:34,0
DA:35,0
DA:36,0
DA:37,0
DA:40,0
DA:42,0
DA:43,0
DA:44,0
DA:45,0
DA:46,0
DA:47,0
DA:53,0
DA:55,0
DA:56,0
DA:57,0
DA:58,0
DA:59,0
DA:60,0
DA:66,0
DA:68,0
DA:69,0
DA:70,0
DA:71,0
DA:72,0
DA:73,0
DA:79,0
DA:81,0
DA:82,0
DA:83,0
DA:84,0
DA:85,0
DA:86,0
DA:87,0
DA:89,0
DA:90,0
LF:54
LH:0
end_of_record
SF:lib\core\repositories\savings_goals_repository.dart
DA:7,0
DA:9,0
DA:11,0
DA:12,0
DA:13,0
DA:14,0
DA:15,0
DA:16,0
DA:17,0
DA:19,0
DA:20,0
DA:21,0
DA:27,0
DA:28,0
DA:29,0
DA:30,0
DA:31,0
DA:32,0
DA:33,0
DA:34,0
DA:35,0
DA:36,0
DA:37,0
DA:40,0
DA:42,0
DA:43,0
DA:44,0
DA:45,0
DA:46,0
DA:47,0
DA:53,0
DA:55,0
DA:56,0
DA:57,0
DA:58,0
DA:59,0
DA:60,0
DA:66,0
DA:68,0
DA:69,0
DA:70,0
DA:71,0
DA:72,0
DA:73,0
DA:79,0
DA:81,0
DA:82,0
DA:83,0
DA:84,0
DA:85,0
DA:86,0
DA:89,0
DA:90,0
LF:53
LH:0
end_of_record
SF:lib\core\services\suggestion_service.dart
DA:2,0
DA:6,0
DA:7,0
DA:10,0
DA:12,0
DA:14,0
DA:15,0
DA:16,0
DA:17,0
DA:21,0
DA:23,0
DA:24,0
DA:25,0
DA:30,0
DA:31,0
DA:34,0
DA:35,0
LF:17
LH:0
end_of_record
